[17:22:11] [Server thread/INFO]: Starting minecraft server version 1.8.9
[17:22:11] [Server thread/INFO]: Loading properties
[17:22:11] [Server thread/INFO]: Default game type: SURVIVAL
[17:22:11] [Server thread/INFO]: Generating keypair
[17:22:11] [Server thread/INFO]: Starting Minecraft server on *:25565
[17:22:11] [Server thread/INFO]: Using default channel type
[17:22:11] [Server thread/WARN]: **** SERVER IS RUNNING IN OFFLINE/INSECURE MODE!
[17:22:11] [Server thread/WARN]: The server will make no attempt to authenticate usernames. Beware.
[17:22:11] [Server thread/WARN]: While this makes the game possible to play without internet access, it also opens up the ability for hackers to connect with any username they choose.
[17:22:11] [Server thread/WARN]: To change this, set "online-mode" to "true" in the server.properties file.
[17:22:11] [Server thread/INFO]: Preparing level "world"
[17:22:11] [Server thread/INFO]: Preparing start region for level 0
[17:22:12] [Server thread/INFO]: Preparing spawn area: 8%
[17:22:13] [Server thread/INFO]: Preparing spawn area: 21%
[17:22:14] [Server thread/INFO]: Preparing spawn area: 40%
[17:22:15] [Server thread/INFO]: Preparing spawn area: 56%
[17:22:16] [Server thread/INFO]: Preparing spawn area: 73%
[17:22:17] [Server thread/INFO]: Preparing spawn area: 91%
[17:22:18] [Server thread/INFO]: Done (6,665s)! For help, type "help" or "?"
[17:22:25] [Server thread/INFO]: Stopping server
[17:22:25] [Server thread/INFO]: Saving players
[17:22:25] [Server thread/INFO]: Saving worlds
[17:22:25] [Server thread/INFO]: Saving chunks for level 'world'/Overworld
